#
# There is insufficient memory for the Java Runtime Environment to continue.
# Native memory allocation (malloc) failed to allocate 1584016 bytes. Error detail: Chunk::new
# Possible reasons:
#   The system is out of physical RAM or swap space
#   This process is running with CompressedOops enabled, and the Java Heap may be blocking the growth of the native heap
# Possible solutions:
#   Reduce memory load on the system
#   Increase physical memory or swap space
#   Check if swap backing store is full
#   Decrease Java heap size (-Xmx/-Xms)
#   Decrease number of Java threads
#   Decrease Java thread stack sizes (-Xss)
#   Set larger code cache with -XX:ReservedCodeCacheSize=
#   JVM is running with Unscaled Compressed Oops mode in which the Java heap is
#     placed in the first 4GB address space. The Java Heap base address is the
#     maximum limit for the native heap growth. Please use -XX:HeapBaseMinAddress
#     to set the Java Heap base and to place the Java Heap above 4GB virtual address.
# This output file may be truncated or incomplete.
#
#  Out of Memory Error (arena.cpp:168), pid=32996, tid=13108
#
# JRE version: OpenJDK Runtime Environment (21.0.3) (build 21.0.3+-12282718-b509.11)
# Java VM: OpenJDK 64-Bit Server VM (21.0.3+-12282718-b509.11, mixed mode, tiered, compressed oops, compressed class ptrs, g1 gc, windows-amd64)
# No core dump will be written. Minidumps are not enabled by default on client versions of Windows
#

---------------  S U M M A R Y ------------

Command Line: --add-opens=java.base/java.util=ALL-UNNAMED --add-opens=java.base/java.lang=ALL-UNNAMED --add-opens=java.base/java.lang.invoke=ALL-UNNAMED --add-opens=java.prefs/java.util.prefs=ALL-UNNAMED --add-exports=jdk.compiler/com.sun.tools.javac.api=ALL-UNNAMED --add-exports=jdk.compiler/com.sun.tools.javac.util=ALL-UNNAMED --add-opens=java.base/java.nio.charset=ALL-UNNAMED --add-opens=java.base/java.net=ALL-UNNAMED --add-opens=java.base/java.util.concurrent.atomic=ALL-UNNAMED -Xmx2048m -Dfile.encoding=UTF-8 -Duser.country=US -Duser.language=en -Duser.variant -javaagent:C:\Users\Idanb\.gradle\wrapper\dists\gradle-8.9-bin\90cnw93cvbtalezasaz0blq0a\gradle-8.9\lib\agents\gradle-instrumentation-agent-8.9.jar org.gradle.launcher.daemon.bootstrap.GradleDaemon 8.9

Host: 11th Gen Intel(R) Core(TM) i7-1165G7 @ 2.80GHz, 8 cores, 7G,  Windows 10 , 64 bit Build 19041 (10.0.19041.5198)
Time: Fri Jan 24 09:22:57 2025 Jerusalem Standard Time elapsed time: 6.785336 seconds (0d 0h 0m 6s)

---------------  T H R E A D  ---------------

Current thread (0x00000172ce4b6840):  JavaThread "C2 CompilerThread1" daemon [_thread_in_native, id=13108, stack(0x0000000c15700000,0x0000000c15800000) (1024K)]


Current CompileTask:
C2:   6785 3738   !   4       java.lang.ClassLoader::loadClass (121 bytes)

Stack: [0x0000000c15700000,0x0000000c15800000]
Native frames: (J=compiled Java code, j=interpreted, Vv=VM code, C=native code)
V  [jvm.dll+0x6cafb9]
V  [jvm.dll+0x858523]
V  [jvm.dll+0x85aa7e]
V  [jvm.dll+0x85b163]
V  [jvm.dll+0x27d356]
V  [jvm.dll+0xbf93d]
V  [jvm.dll+0xbfe73]
V  [jvm.dll+0x3b1cb1]
V  [jvm.dll+0x1dde94]
V  [jvm.dll+0x246c54]
V  [jvm.dll+0x2460d1]
V  [jvm.dll+0x1c5804]
V  [jvm.dll+0x25575c]
V  [jvm.dll+0x253c36]
V  [jvm.dll+0x3ec996]
V  [jvm.dll+0x800d78]
V  [jvm.dll+0x6c98cd]
C  [ucrtbase.dll+0x21bb2]
C  [KERNEL32.DLL+0x17374]
C  [ntdll.dll+0x4cc91]


---------------  P R O C E S S  ---------------

Threads class SMR info:
_java_thread_list=0x00000172cfc628b0, length=41, elements={
0x00000172b07beeb0, 0x00000172cc065580, 0x00000172cc0663a0, 0x00000172cc052410,
0x00000172cc068380, 0x00000172cc068de0, 0x00000172cc069df0, 0x00000172cc073070,
0x00000172cc073b10, 0x00000172cc2058c0, 0x00000172cc38af10, 0x00000172cdfc7380,
0x00000172cdbee4d0, 0x00000172ccf76630, 0x00000172cd081170, 0x00000172cd082520,
0x00000172cd07f730, 0x00000172cd07f0a0, 0x00000172cd07fdc0, 0x00000172cd080450,
0x00000172cd080ae0, 0x00000172ce4b6840, 0x00000172cd081800, 0x00000172cd081e90,
0x00000172ce42d030, 0x00000172ce42b5f0, 0x00000172ce42d6c0, 0x00000172ce428800,
0x00000172ce428e90, 0x00000172ce429bb0, 0x00000172ce42af60, 0x00000172ce426dc0,
0x00000172ce427450, 0x00000172ce427ae0, 0x00000172ce428170, 0x00000172ce42a240,
0x00000172ce429520, 0x00000172ce42a8d0, 0x00000172ce42c310, 0x00000172ce42c9a0,
0x00000172ce42dd50
}

Java Threads: ( => current thread )
  0x00000172b07beeb0 JavaThread "main"                              [_thread_blocked, id=33152, stack(0x0000000c13300000,0x0000000c13400000) (1024K)]
  0x00000172cc065580 JavaThread "Reference Handler"          daemon [_thread_blocked, id=49200, stack(0x0000000c13b00000,0x0000000c13c00000) (1024K)]
  0x00000172cc0663a0 JavaThread "Finalizer"                  daemon [_thread_blocked, id=9044, stack(0x0000000c13c00000,0x0000000c13d00000) (1024K)]
  0x00000172cc052410 JavaThread "Signal Dispatcher"          daemon [_thread_blocked, id=21356, stack(0x0000000c13d00000,0x0000000c13e00000) (1024K)]
  0x00000172cc068380 JavaThread "Attach Listener"            daemon [_thread_blocked, id=53548, stack(0x0000000c13e00000,0x0000000c13f00000) (1024K)]
  0x00000172cc068de0 JavaThread "Service Thread"             daemon [_thread_blocked, id=55704, stack(0x0000000c13f00000,0x0000000c14000000) (1024K)]
  0x00000172cc069df0 JavaThread "Monitor Deflation Thread"   daemon [_thread_blocked, id=51364, stack(0x0000000c14000000,0x0000000c14100000) (1024K)]
  0x00000172cc073070 JavaThread "C2 CompilerThread0"         daemon [_thread_in_native, id=53824, stack(0x0000000c14100000,0x0000000c14200000) (1024K)]
  0x00000172cc073b10 JavaThread "C1 CompilerThread0"         daemon [_thread_blocked, id=49668, stack(0x0000000c14200000,0x0000000c14300000) (1024K)]
  0x00000172cc2058c0 JavaThread "Common-Cleaner"             daemon [_thread_blocked, id=31496, stack(0x0000000c14300000,0x0000000c14400000) (1024K)]
  0x00000172cc38af10 JavaThread "Notification Thread"        daemon [_thread_blocked, id=11116, stack(0x0000000c14400000,0x0000000c14500000) (1024K)]
  0x00000172cdfc7380 JavaThread "Daemon health stats"               [_thread_blocked, id=25008, stack(0x0000000c14900000,0x0000000c14a00000) (1024K)]
  0x00000172cdbee4d0 JavaThread "Incoming local TCP Connector on port 57217"        [_thread_in_native, id=42308, stack(0x0000000c14a00000,0x0000000c14b00000) (1024K)]
  0x00000172ccf76630 JavaThread "Daemon periodic checks"            [_thread_blocked, id=1680, stack(0x0000000c14b00000,0x0000000c14c00000) (1024K)]
  0x00000172cd081170 JavaThread "Daemon"                            [_thread_blocked, id=42360, stack(0x0000000c14c00000,0x0000000c14d00000) (1024K)]
  0x00000172cd082520 JavaThread "Handler for socket connection from /127.0.0.1:57217 to /127.0.0.1:57218"        [_thread_in_native, id=28188, stack(0x0000000c14d00000,0x0000000c14e00000) (1024K)]
  0x00000172cd07f730 JavaThread "Cancel handler"                    [_thread_blocked, id=53472, stack(0x0000000c14e00000,0x0000000c14f00000) (1024K)]
  0x00000172cd07f0a0 JavaThread "Daemon worker"                     [_thread_in_Java, id=54520, stack(0x0000000c14f00000,0x0000000c15000000) (1024K)]
  0x00000172cd07fdc0 JavaThread "Asynchronous log dispatcher for DefaultDaemonConnection: socket connection from /127.0.0.1:57217 to /127.0.0.1:57218"        [_thread_blocked, id=55060, stack(0x0000000c15000000,0x0000000c15100000) (1024K)]
  0x00000172cd080450 JavaThread "Stdin handler"                     [_thread_blocked, id=22256, stack(0x0000000c15100000,0x0000000c15200000) (1024K)]
  0x00000172cd080ae0 JavaThread "Daemon client event forwarder"        [_thread_blocked, id=34596, stack(0x0000000c15200000,0x0000000c15300000) (1024K)]
=>0x00000172ce4b6840 JavaThread "C2 CompilerThread1"         daemon [_thread_in_native, id=13108, stack(0x0000000c15700000,0x0000000c15800000) (1024K)]
  0x00000172cd081800 JavaThread "Cache worker for journal cache (C:\Users\Idanb\.gradle\caches\journal-1)"        [_thread_blocked, id=15944, stack(0x0000000c15800000,0x0000000c15900000) (1024K)]
  0x00000172cd081e90 JavaThread "File lock request listener"        [_thread_in_native, id=52596, stack(0x0000000c15900000,0x0000000c15a00000) (1024K)]
  0x00000172ce42d030 JavaThread "Cache worker for file hash cache (C:\Users\Idanb\.gradle\caches\8.9\fileHashes)"        [_thread_blocked, id=50060, stack(0x0000000c15a00000,0x0000000c15b00000) (1024K)]
  0x00000172ce42b5f0 JavaThread "Cache worker for file hash cache (D:\Android\Connectify\Connectify-Mobile\.gradle\8.9\fileHashes)"        [_thread_blocked, id=13924, stack(0x0000000c15b00000,0x0000000c15c00000) (1024K)]
  0x00000172ce42d6c0 JavaThread "Cache worker for Build Output Cleanup Cache (D:\Android\Connectify\Connectify-Mobile\.gradle\buildOutputCleanup)"        [_thread_blocked, id=38632, stack(0x0000000c15c00000,0x0000000c15d00000) (1024K)]
  0x00000172ce428800 JavaThread "File watcher server"        daemon [_thread_in_native, id=38932, stack(0x0000000c15d00000,0x0000000c15e00000) (1024K)]
  0x00000172ce428e90 JavaThread "File watcher consumer"      daemon [_thread_blocked, id=6792, stack(0x0000000c15e00000,0x0000000c15f00000) (1024K)]
  0x00000172ce429bb0 JavaThread "jar transforms"                    [_thread_blocked, id=10928, stack(0x0000000c15f00000,0x0000000c16000000) (1024K)]
  0x00000172ce42af60 JavaThread "jar transforms Thread 2"           [_thread_blocked, id=22792, stack(0x0000000c16000000,0x0000000c16100000) (1024K)]
  0x00000172ce426dc0 JavaThread "jar transforms Thread 3"           [_thread_blocked, id=55072, stack(0x0000000c16100000,0x0000000c16200000) (1024K)]
  0x00000172ce427450 JavaThread "jar transforms Thread 4"           [_thread_blocked, id=48336, stack(0x0000000c16200000,0x0000000c16300000) (1024K)]
  0x00000172ce427ae0 JavaThread "jar transforms Thread 5"           [_thread_blocked, id=21772, stack(0x0000000c16300000,0x0000000c16400000) (1024K)]
  0x00000172ce428170 JavaThread "jar transforms Thread 6"           [_thread_blocked, id=54284, stack(0x0000000c16400000,0x0000000c16500000) (1024K)]
  0x00000172ce42a240 JavaThread "jar transforms Thread 7"           [_thread_blocked, id=21284, stack(0x0000000c16500000,0x0000000c16600000) (1024K)]
  0x00000172ce429520 JavaThread "jar transforms Thread 8"           [_thread_blocked, id=28720, stack(0x0000000c16600000,0x0000000c16700000) (1024K)]
  0x00000172ce42a8d0 JavaThread "Cache worker for checksums cache (D:\Android\Connectify\Connectify-Mobile\.gradle\8.9\checksums)"        [_thread_blocked, id=45108, stack(0x0000000c16700000,0x0000000c16800000) (1024K)]
  0x00000172ce42c310 JavaThread "Cache worker for file content cache (C:\Users\Idanb\.gradle\caches\8.9\fileContent)"        [_thread_blocked, id=51396, stack(0x0000000c16800000,0x0000000c16900000) (1024K)]
  0x00000172ce42c9a0 JavaThread "Cache worker for cache directory md-rule (C:\Users\Idanb\.gradle\caches\8.9\md-rule)"        [_thread_blocked, id=7040, stack(0x0000000c16900000,0x0000000c16a00000) (1024K)]
  0x00000172ce42dd50 JavaThread "Cache worker for cache directory md-supplier (C:\Users\Idanb\.gradle\caches\8.9\md-supplier)"        [_thread_blocked, id=54312, stack(0x0000000c16a00000,0x0000000c16b00000) (1024K)]
Total: 41

Other Threads:
  0x00000172c7eb60b0 VMThread "VM Thread"                           [id=52704, stack(0x0000000c13a00000,0x0000000c13b00000) (1024K)]
  0x00000172c7e20f10 WatcherThread "VM Periodic Task Thread"        [id=29832, stack(0x0000000c13900000,0x0000000c13a00000) (1024K)]
  0x00000172b0815100 WorkerThread "GC Thread#0"                     [id=25648, stack(0x0000000c13400000,0x0000000c13500000) (1024K)]
  0x00000172cc8938e0 WorkerThread "GC Thread#1"                     [id=35208, stack(0x0000000c14500000,0x0000000c14600000) (1024K)]
  0x00000172cc616420 WorkerThread "GC Thread#2"                     [id=54880, stack(0x0000000c14600000,0x0000000c14700000) (1024K)]
  0x00000172cc6ba2c0 WorkerThread "GC Thread#3"                     [id=55168, stack(0x0000000c14700000,0x0000000c14800000) (1024K)]
  0x00000172cd225ae0 WorkerThread "GC Thread#4"                     [id=55852, stack(0x0000000c14800000,0x0000000c14900000) (1024K)]
  0x00000172ce28c6c0 WorkerThread "GC Thread#5"                     [id=34672, stack(0x0000000c15300000,0x0000000c15400000) (1024K)]
  0x00000172cdff1110 WorkerThread "GC Thread#6"                     [id=21064, stack(0x0000000c15400000,0x0000000c15500000) (1024K)]
  0x00000172ce168500 WorkerThread "GC Thread#7"                     [id=47904, stack(0x0000000c15500000,0x0000000c15600000) (1024K)]
  0x00000172b0826370 ConcurrentGCThread "G1 Main Marker"            [id=52616, stack(0x0000000c13500000,0x0000000c13600000) (1024K)]
  0x00000172b0826d80 WorkerThread "G1 Conc#0"                       [id=13936, stack(0x0000000c13600000,0x0000000c13700000) (1024K)]
  0x00000172ce168c40 WorkerThread "G1 Conc#1"                       [id=51244, stack(0x0000000c15600000,0x0000000c15700000) (1024K)]
  0x00000172c7cf38f0 ConcurrentGCThread "G1 Refine#0"               [id=52776, stack(0x0000000c13700000,0x0000000c13800000) (1024K)]
  0x00000172b088c060 ConcurrentGCThread "G1 Service"                [id=14176, stack(0x0000000c13800000,0x0000000c13900000) (1024K)]
Total: 15

Threads with active compile tasks:
C2 CompilerThread0     6829 3882       4       java.lang.invoke.InvokerBytecodeGenerator::<init> (80 bytes)
C2 CompilerThread1     6829 3738   !   4       java.lang.ClassLoader::loadClass (121 bytes)
Total: 2

VM state: not at safepoint (normal execution)

VM Mutex/Monitor currently owned by a thread:  ([mutex/lock_event])
[0x00007ff860821fc8] CodeCache_lock - owner thread: 0x0000000000000000

Heap address: 0x0000000080000000, size: 2048 MB, Compressed Oops mode: 32-bit

CDS archive(s) not mapped
Compressed class space mapped at: 0x0000000100000000-0x0000000140000000, reserved size: 1073741824
Narrow klass base: 0x0000000000000000, Narrow klass shift: 3, Narrow klass range: 0x140000000

GC Precious Log:
 CardTable entry size: 512
 Card Set container configuration: InlinePtr #cards 5 size 8 Array Of Cards #cards 12 size 40 Howl #buckets 4 coarsen threshold 1843 Howl Bitmap #cards 512 size 80 coarsen threshold 460 Card regions per heap region 1 cards per card region 2048
 CPUs: 8 total, 8 available
 Memory: 7991M
 Large Page Support: Disabled
 NUMA Support: Disabled
 Compressed Oops: Enabled (32-bit)
 Heap Region Size: 1M
 Heap Min Capacity: 8M
 Heap Initial Capacity: 126M
 Heap Max Capacity: 2G
 Pre-touch: Disabled
 Parallel Workers: 8
 Concurrent Workers: 2
 Concurrent Refinement Workers: 8
 Periodic GC: Disabled

Heap:
 garbage-first heap   total 93184K, used 49519K [0x0000000080000000, 0x0000000100000000)
  region size 1024K, 9 young (9216K), 2 survivors (2048K)
 Metaspace       used 40864K, committed 42048K, reserved 1114112K
  class space    used 5695K, committed 6272K, reserved 1048576K

Heap Regions: E=young(eden), S=young(survivor), O=old, HS=humongous(starts), HC=humongous(continues), CS=collection set, F=free, TAMS=top-at-mark-start, PB=parsable bottom
|   0|0x0000000080000000, 0x0000000080100000, 0x0000000080100000|100%|HS|  |TAMS 0x0000000080000000| PB 0x0000000080000000| Complete 
|   1|0x0000000080100000, 0x0000000080200000, 0x0000000080200000|100%|HC|  |TAMS 0x0000000080100000| PB 0x0000000080100000| Complete 
|   2|0x0000000080200000, 0x0000000080300000, 0x0000000080300000|100%|HC|  |TAMS 0x0000000080200000| PB 0x0000000080200000| Complete 
|   3|0x0000000080300000, 0x0000000080400000, 0x0000000080400000|100%|HC|  |TAMS 0x0000000080300000| PB 0x0000000080300000| Complete 
|   4|0x0000000080400000, 0x0000000080500000, 0x0000000080500000|100%| O|  |TAMS 0x0000000080400000| PB 0x0000000080400000| Untracked 
|   5|0x0000000080500000, 0x0000000080600000, 0x0000000080600000|100%| O|  |TAMS 0x0000000080500000| PB 0x0000000080500000| Untracked 
|   6|0x0000000080600000, 0x0000000080700000, 0x0000000080700000|100%| O|  |TAMS 0x0000000080600000| PB 0x0000000080600000| Untracked 
|   7|0x0000000080700000, 0x0000000080800000, 0x0000000080800000|100%| O|  |TAMS 0x0000000080700000| PB 0x0000000080700000| Untracked 
|   8|0x0000000080800000, 0x0000000080900000, 0x0000000080900000|100%| O|  |TAMS 0x0000000080800000| PB 0x0000000080800000| Untracked 
|   9|0x0000000080900000, 0x0000000080a00000, 0x0000000080a00000|100%| O|  |TAMS 0x0000000080900000| PB 0x0000000080900000| Untracked 
|  10|0x0000000080a00000, 0x0000000080b00000, 0x0000000080b00000|100%| O|  |TAMS 0x0000000080a00000| PB 0x0000000080a00000| Untracked 
|  11|0x0000000080b00000, 0x0000000080c00000, 0x0000000080c00000|100%|HS|  |TAMS 0x0000000080b00000| PB 0x0000000080b00000| Complete 
|  12|0x0000000080c00000, 0x0000000080d00000, 0x0000000080d00000|100%|HS|  |TAMS 0x0000000080c00000| PB 0x0000000080c00000| Complete 
|  13|0x0000000080d00000, 0x0000000080e00000, 0x0000000080e00000|100%|HC|  |TAMS 0x0000000080d00000| PB 0x0000000080d00000| Complete 
|  14|0x0000000080e00000, 0x0000000080f00000, 0x0000000080f00000|100%|HC|  |TAMS 0x0000000080e00000| PB 0x0000000080e00000| Complete 
|  15|0x0000000080f00000, 0x0000000081000000, 0x0000000081000000|100%|HC|  |TAMS 0x0000000080f00000| PB 0x0000000080f00000| Complete 
|  16|0x0000000081000000, 0x0000000081100000, 0x0000000081100000|100%|HC|  |TAMS 0x0000000081000000| PB 0x0000000081000000| Complete 
|  17|0x0000000081100000, 0x0000000081200000, 0x0000000081200000|100%|HC|  |TAMS 0x0000000081100000| PB 0x0000000081100000| Complete 
|  18|0x0000000081200000, 0x0000000081300000, 0x0000000081300000|100%|HS|  |TAMS 0x0000000081200000| PB 0x0000000081200000| Complete 
|  19|0x0000000081300000, 0x0000000081400000, 0x0000000081400000|100%|HC|  |TAMS 0x0000000081300000| PB 0x0000000081300000| Complete 
|  20|0x0000000081400000, 0x0000000081500000, 0x0000000081500000|100%|HC|  |TAMS 0x0000000081400000| PB 0x0000000081400000| Complete 
|  21|0x0000000081500000, 0x0000000081600000, 0x0000000081600000|100%|HS|  |TAMS 0x0000000081500000| PB 0x0000000081500000| Complete 
|  22|0x0000000081600000, 0x0000000081700000, 0x0000000081700000|100%|HC|  |TAMS 0x0000000081600000| PB 0x0000000081600000| Complete 
|  23|0x0000000081700000, 0x0000000081800000, 0x0000000081800000|100%| O|  |TAMS 0x0000000081700000| PB 0x0000000081700000| Untracked 
|  24|0x0000000081800000, 0x0000000081900000, 0x0000000081900000|100%| O|  |TAMS 0x0000000081800000| PB 0x0000000081800000| Untracked 
|  25|0x0000000081900000, 0x0000000081a00000, 0x0000000081a00000|100%| O|  |TAMS 0x0000000081900000| PB 0x0000000081900000| Untracked 
|  26|0x0000000081a00000, 0x0000000081b00000, 0x0000000081b00000|100%| O|  |TAMS 0x0000000081a00000| PB 0x0000000081a00000| Untracked 
|  27|0x0000000081b00000, 0x0000000081c00000, 0x0000000081c00000|100%| O|  |TAMS 0x0000000081b00000| PB 0x0000000081b00000| Untracked 
|  28|0x0000000081c00000, 0x0000000081d00000, 0x0000000081d00000|100%| O|  |TAMS 0x0000000081c00000| PB 0x0000000081c00000| Untracked 
|  29|0x0000000081d00000, 0x0000000081e00000, 0x0000000081e00000|100%| O|  |TAMS 0x0000000081d00000| PB 0x0000000081d00000| Untracked 
|  30|0x0000000081e00000, 0x0000000081e6f1a8, 0x0000000081f00000| 43%| O|  |TAMS 0x0000000081e00000| PB 0x0000000081e00000| Untracked 
|  31|0x0000000081f00000, 0x0000000081f00000, 0x0000000082000000|  0%| F|  |TAMS 0x0000000081f00000| PB 0x0000000081f00000| Untracked 
|  32|0x0000000082000000, 0x0000000082000000, 0x0000000082100000|  0%| F|  |TAMS 0x0000000082000000| PB 0x0000000082000000| Untracked 
|  33|0x0000000082100000, 0x0000000082100000, 0x0000000082200000|  0%| F|  |TAMS 0x0000000082100000| PB 0x0000000082100000| Untracked 
|  34|0x0000000082200000, 0x0000000082200000, 0x0000000082300000|  0%| F|  |TAMS 0x0000000082200000| PB 0x0000000082200000| Untracked 
|  35|0x0000000082300000, 0x0000000082300000, 0x0000000082400000|  0%| F|  |TAMS 0x0000000082300000| PB 0x0000000082300000| Untracked 
|  36|0x0000000082400000, 0x0000000082400000, 0x0000000082500000|  0%| F|  |TAMS 0x0000000082400000| PB 0x0000000082400000| Untracked 
|  37|0x0000000082500000, 0x0000000082500000, 0x0000000082600000|  0%| F|  |TAMS 0x0000000082500000| PB 0x0000000082500000| Untracked 
|  38|0x0000000082600000, 0x0000000082600000, 0x0000000082700000|  0%| F|  |TAMS 0x0000000082600000| PB 0x0000000082600000| Untracked 
|  39|0x0000000082700000, 0x0000000082700000, 0x0000000082800000|  0%| F|  |TAMS 0x0000000082700000| PB 0x0000000082700000| Untracked 
|  40|0x0000000082800000, 0x0000000082800000, 0x0000000082900000|  0%| F|  |TAMS 0x0000000082800000| PB 0x0000000082800000| Untracked 
|  41|0x0000000082900000, 0x0000000082900000, 0x0000000082a00000|  0%| F|  |TAMS 0x0000000082900000| PB 0x0000000082900000| Untracked 
|  42|0x0000000082a00000, 0x0000000082aeccd0, 0x0000000082b00000| 92%| S|CS|TAMS 0x0000000082a00000| PB 0x0000000082a00000| Complete 
|  43|0x0000000082b00000, 0x0000000082c00000, 0x0000000082c00000|100%| S|CS|TAMS 0x0000000082b00000| PB 0x0000000082b00000| Complete 
|  44|0x0000000082c00000, 0x0000000082c00000, 0x0000000082d00000|  0%| F|  |TAMS 0x0000000082c00000| PB 0x0000000082c00000| Untracked 
|  45|0x0000000082d00000, 0x0000000082d00000, 0x0000000082e00000|  0%| F|  |TAMS 0x0000000082d00000| PB 0x0000000082d00000| Untracked 
|  46|0x0000000082e00000, 0x0000000082e00000, 0x0000000082f00000|  0%| F|  |TAMS 0x0000000082e00000| PB 0x0000000082e00000| Untracked 
|  47|0x0000000082f00000, 0x0000000082f00000, 0x0000000083000000|  0%| F|  |TAMS 0x0000000082f00000| PB 0x0000000082f00000| Untracked 
|  48|0x0000000083000000, 0x0000000083000000, 0x0000000083100000|  0%| F|  |TAMS 0x0000000083000000| PB 0x0000000083000000| Untracked 
|  49|0x0000000083100000, 0x0000000083100000, 0x0000000083200000|  0%| F|  |TAMS 0x0000000083100000| PB 0x0000000083100000| Untracked 
|  50|0x0000000083200000, 0x0000000083200000, 0x0000000083300000|  0%| F|  |TAMS 0x0000000083200000| PB 0x0000000083200000| Untracked 
|  51|0x0000000083300000, 0x0000000083300000, 0x0000000083400000|  0%| F|  |TAMS 0x0000000083300000| PB 0x0000000083300000| Untracked 
|  52|0x0000000083400000, 0x0000000083400000, 0x0000000083500000|  0%| F|  |TAMS 0x0000000083400000| PB 0x0000000083400000| Untracked 
|  53|0x0000000083500000, 0x0000000083500000, 0x0000000083600000|  0%| F|  |TAMS 0x0000000083500000| PB 0x0000000083500000| Untracked 
|  54|0x0000000083600000, 0x0000000083600000, 0x0000000083700000|  0%| F|  |TAMS 0x0000000083600000| PB 0x0000000083600000| Untracked 
|  55|0x0000000083700000, 0x0000000083700000, 0x0000000083800000|  0%| F|  |TAMS 0x0000000083700000| PB 0x0000000083700000| Untracked 
|  56|0x0000000083800000, 0x0000000083800000, 0x0000000083900000|  0%| F|  |TAMS 0x0000000083800000| PB 0x0000000083800000| Untracked 
|  57|0x0000000083900000, 0x0000000083900000, 0x0000000083a00000|  0%| F|  |TAMS 0x0000000083900000| PB 0x0000000083900000| Untracked 
|  58|0x0000000083a00000, 0x0000000083a00000, 0x0000000083b00000|  0%| F|  |TAMS 0x0000000083a00000| PB 0x0000000083a00000| Untracked 
|  59|0x0000000083b00000, 0x0000000083b00000, 0x0000000083c00000|  0%| F|  |TAMS 0x0000000083b00000| PB 0x0000000083b00000| Untracked 
|  60|0x0000000083c00000, 0x0000000083c00000, 0x0000000083d00000|  0%| F|  |TAMS 0x0000000083c00000| PB 0x0000000083c00000| Untracked 
|  61|0x0000000083d00000, 0x0000000083d00000, 0x0000000083e00000|  0%| F|  |TAMS 0x0000000083d00000| PB 0x0000000083d00000| Untracked 
|  62|0x0000000083e00000, 0x0000000083e00000, 0x0000000083f00000|  0%| F|  |TAMS 0x0000000083e00000| PB 0x0000000083e00000| Untracked 
|  63|0x0000000083f00000, 0x0000000083f00000, 0x0000000084000000|  0%| F|  |TAMS 0x0000000083f00000| PB 0x0000000083f00000| Untracked 
|  64|0x0000000084000000, 0x0000000084000000, 0x0000000084100000|  0%| F|  |TAMS 0x0000000084000000| PB 0x0000000084000000| Untracked 
|  65|0x0000000084100000, 0x0000000084100000, 0x0000000084200000|  0%| F|  |TAMS 0x0000000084100000| PB 0x0000000084100000| Untracked 
|  66|0x0000000084200000, 0x0000000084200000, 0x0000000084300000|  0%| F|  |TAMS 0x0000000084200000| PB 0x0000000084200000| Untracked 
|  67|0x0000000084300000, 0x0000000084300000, 0x0000000084400000|  0%| F|  |TAMS 0x0000000084300000| PB 0x0000000084300000| Untracked 
|  68|0x0000000084400000, 0x0000000084400000, 0x0000000084500000|  0%| F|  |TAMS 0x0000000084400000| PB 0x0000000084400000| Untracked 
|  69|0x0000000084500000, 0x0000000084500000, 0x0000000084600000|  0%| F|  |TAMS 0x0000000084500000| PB 0x0000000084500000| Untracked 
|  70|0x0000000084600000, 0x0000000084600000, 0x0000000084700000|  0%| F|  |TAMS 0x0000000084600000| PB 0x0000000084600000| Untracked 
|  71|0x0000000084700000, 0x0000000084700000, 0x0000000084800000|  0%| F|  |TAMS 0x0000000084700000| PB 0x0000000084700000| Untracked 
|  72|0x0000000084800000, 0x0000000084800000, 0x0000000084900000|  0%| F|  |TAMS 0x0000000084800000| PB 0x0000000084800000| Untracked 
|  73|0x0000000084900000, 0x0000000084900000, 0x0000000084a00000|  0%| F|  |TAMS 0x0000000084900000| PB 0x0000000084900000| Untracked 
|  74|0x0000000084a00000, 0x0000000084b00000, 0x0000000084b00000|100%| E|  |TAMS 0x0000000084a00000| PB 0x0000000084a00000| Complete 
|  75|0x0000000084b00000, 0x0000000084c00000, 0x0000000084c00000|100%| E|CS|TAMS 0x0000000084b00000| PB 0x0000000084b00000| Complete 
|  76|0x0000000084c00000, 0x0000000084d00000, 0x0000000084d00000|100%| E|CS|TAMS 0x0000000084c00000| PB 0x0000000084c00000| Complete 
|  77|0x0000000084d00000, 0x0000000084e00000, 0x0000000084e00000|100%| E|CS|TAMS 0x0000000084d00000| PB 0x0000000084d00000| Complete 
|  78|0x0000000084e00000, 0x0000000084f00000, 0x0000000084f00000|100%| E|CS|TAMS 0x0000000084e00000| PB 0x0000000084e00000| Complete 
|  79|0x0000000084f00000, 0x0000000085000000, 0x0000000085000000|100%| E|CS|TAMS 0x0000000084f00000| PB 0x0000000084f00000| Complete 
| 125|0x0000000087d00000, 0x0000000087e00000, 0x0000000087e00000|100%| E|CS|TAMS 0x0000000087d00000| PB 0x0000000087d00000| Complete 
|2038|0x00000000ff600000, 0x00000000ff700000, 0x00000000ff700000|100%| O|  |TAMS 0x00000000ff600000| PB 0x00000000ff600000| Untracked 
|2039|0x00000000ff700000, 0x00000000ff800000, 0x00000000ff800000|100%| O|Cm|TAMS 0x00000000ff700000| PB 0x00000000ff700000| Complete 
|2040|0x00000000ff800000, 0x00000000ff900000, 0x00000000ff900000|100%| O|  |TAMS 0x00000000ff800000| PB 0x00000000ff800000| Untracked 
|2041|0x00000000ff900000, 0x00000000ffa00000, 0x00000000ffa00000|100%| O|  |TAMS 0x00000000ff900000| PB 0x00000000ff900000| Untracked 
|2042|0x00000000ffa00000, 0x00000000ffb00000, 0x00000000ffb00000|100%| O|  |TAMS 0x00000000ffa00000| PB 0x00000000ffa00000| Untracked 
|2043|0x00000000ffb00000, 0x00000000ffc00000, 0x00000000ffc00000|100%| O|  |TAMS 0x00000000ffb00000| PB 0x00000000ffb00000| Untracked 
|2044|0x00000000ffc00000, 0x00000000ffd00000, 0x00000000ffd00000|100%| O|  |TAMS 0x00000000ffc00000| PB 0x00000000ffc00000| Untracked 
|2045|0x00000000ffd00000, 0x00000000ffe00000, 0x00000000ffe00000|100%| O|  |TAMS 0x00000000ffd00000| PB 0x00000000ffd00000| Untracked 
|2046|0x00000000ffe00000, 0x00000000fff00000, 0x00000000fff00000|100%| O|  |TAMS 0x00000000ffe00000| PB 0x00000000ffe00000| Untracked 
|2047|0x00000000fff00000, 0x0000000100000000, 0x0000000100000000|100%| O|  |TAMS 0x00000000fff00000| PB 0x00000000fff00000| Untracked 

Card table byte_map: [0x00000172c3040000,0x00000172c3440000] _byte_map_base: 0x00000172c2c40000

Marking Bits: (CMBitMap*) 0x00000172b0815710
 Bits: [0x00000172c3440000, 0x00000172c5440000)

Polling page: 0x00000172ae750000

Metaspace:

Usage:
  Non-class:     34.38 MB used.
      Class:      5.57 MB used.
       Both:     39.95 MB used.

Virtual space:
  Non-class space:       64.00 MB reserved,      35.00 MB ( 55%) committed,  1 nodes.
      Class space:        1.00 GB reserved,       6.12 MB ( <1%) committed,  1 nodes.
             Both:        1.06 GB reserved,      41.12 MB (  4%) committed. 

Chunk freelists:
   Non-Class:  12.23 MB
       Class:  9.85 MB
        Both:  22.08 MB

MaxMetaspaceSize: unlimited
CompressedClassSpaceSize: 1.00 GB
Initial GC threshold: 21.00 MB
Current GC threshold: 59.38 MB
CDS: off
 - commit_granule_bytes: 65536.
 - commit_granule_words: 8192.
 - virtual_space_node_default_size: 8388608.
 - enlarge_chunks_in_place: 1.
 - use_allocation_guard: 0.


Internal statistics:

num_allocs_failed_limit: 9.
num_arena_births: 2088.
num_arena_deaths: 0.
num_vsnodes_births: 2.
num_vsnodes_deaths: 0.
num_space_committed: 658.
num_space_uncommitted: 0.
num_chunks_returned_to_freelist: 9.
num_chunks_taken_from_freelist: 3662.
num_chunk_merges: 9.
num_chunk_splits: 2303.
num_chunks_enlarged: 1379.
num_inconsistent_stats: 0.

CodeHeap 'non-profiled nmethods': size=120000Kb used=2060Kb max_used=2060Kb free=117939Kb
 bounds [0x00000172bb3e0000, 0x00000172bb650000, 0x00000172c2910000]
CodeHeap 'profiled nmethods': size=120000Kb used=6772Kb max_used=7084Kb free=113227Kb
 bounds [0x00000172b3910000, 0x00000172b4000000, 0x00000172bae40000]
CodeHeap 'non-nmethods': size=5760Kb used=1667Kb max_used=1705Kb free=4092Kb
 bounds [0x00000172bae40000, 0x00000172bb0b0000, 0x00000172bb3e0000]
 total_blobs=4068 nmethods=3475 adapters=497
 compilation: enabled
              stopped_count=0, restarted_count=0
 full_count=0

Compilation events (20 events):
Event: 6.707 Thread 0x00000172cc073b10 nmethod 3855 0x00000172b39c7b90 code [0x00000172b39c7d40, 0x00000172b39c7ee0]
Event: 6.710 Thread 0x00000172cc073b10 3856       3       com.google.common.collect.ImmutableSet$RegularSetBuilderImpl::insertInHashTable (125 bytes)
Event: 6.711 Thread 0x00000172cc073b10 nmethod 3856 0x00000172b39c6910 code [0x00000172b39c6b80, 0x00000172b39c7558]
Event: 6.711 Thread 0x00000172cc073b10 3858       3       java.lang.invoke.MethodHandle::setAsTypeCache (33 bytes)
Event: 6.711 Thread 0x00000172cc073b10 nmethod 3858 0x00000172b3a6e590 code [0x00000172b3a6e7a0, 0x00000172b3a6eda8]
Event: 6.711 Thread 0x00000172cc073b10 3857       3       java.lang.invoke.DirectMethodHandle$Holder::invokeStatic (24 bytes)
Event: 6.712 Thread 0x00000172cc073b10 nmethod 3857 0x00000172b3a6dd10 code [0x00000172b3a6dee0, 0x00000172b3a6e408]
Event: 6.712 Thread 0x00000172cc073b10 3859       3       java.lang.WeakPairMap$Pair$Lookup::equals (31 bytes)
Event: 6.712 Thread 0x00000172cc073b10 nmethod 3859 0x00000172b3a6d390 code [0x00000172b3a6d580, 0x00000172b3a6dc00]
Event: 6.712 Thread 0x00000172cc073b10 3860       3       java.lang.AbstractStringBuilder::append (60 bytes)
Event: 6.712 Thread 0x00000172cc073b10 nmethod 3860 0x00000172b3a6cd10 code [0x00000172b3a6cf00, 0x00000172b3a6d258]
Event: 6.715 Thread 0x00000172cc073070 nmethod 3844 0x00000172bb487d90 code [0x00000172bb488060, 0x00000172bb489910]
Event: 6.715 Thread 0x00000172cc073070 3849       4       java.util.Arrays::hashCode (56 bytes)
Event: 6.716 Thread 0x00000172cc073070 nmethod 3849 0x00000172bb487690 code [0x00000172bb487820, 0x00000172bb4879a8]
Event: 6.718 Thread 0x00000172cc073070 3861       4       jdk.internal.org.objectweb.asm.ByteVector::put11 (52 bytes)
Event: 6.720 Thread 0x00000172cc073070 nmethod 3861 0x00000172bb4dfb10 code [0x00000172bb4dfcc0, 0x00000172bb4dfe80]
Event: 6.720 Thread 0x00000172cc073070 3862       4       jdk.internal.org.objectweb.asm.Frame::getAbstractTypeFromDescriptor (415 bytes)
Event: 6.733 Thread 0x00000172cc073070 nmethod 3862 0x00000172bb47f890 code [0x00000172bb47fb40, 0x00000172bb480ad0]
Event: 6.736 Thread 0x00000172cc073070 3863 %     4       java.lang.invoke.LambdaFormBuffer::indexOf @ 2 (33 bytes)
Event: 6.738 Thread 0x00000172cc073070 nmethod 3863% 0x00000172bb4df410 code [0x00000172bb4df5e0, 0x00000172bb4df8e8]

GC Heap History (14 events):
Event: 0.518 GC heap before
{Heap before GC invocations=0 (full 0):
 garbage-first heap   total 129024K, used 26624K [0x0000000080000000, 0x0000000100000000)
  region size 1024K, 23 young (23552K), 0 survivors (0K)
 Metaspace       used 8131K, committed 8320K, reserved 1114112K
  class space    used 737K, committed 832K, reserved 1048576K
}
Event: 0.523 GC heap after
{Heap after GC invocations=1 (full 0):
 garbage-first heap   total 129024K, used 10367K [0x0000000080000000, 0x0000000100000000)
  region size 1024K, 3 young (3072K), 3 survivors (3072K)
 Metaspace       used 8131K, committed 8320K, reserved 1114112K
  class space    used 737K, committed 832K, reserved 1048576K
}
Event: 0.979 GC heap before
{Heap before GC invocations=1 (full 0):
 garbage-first heap   total 129024K, used 40063K [0x0000000080000000, 0x0000000100000000)
  region size 1024K, 33 young (33792K), 3 survivors (3072K)
 Metaspace       used 12027K, committed 12224K, reserved 1114112K
  class space    used 1278K, committed 1408K, reserved 1048576K
}
Event: 0.984 GC heap after
{Heap after GC invocations=2 (full 0):
 garbage-first heap   total 129024K, used 12137K [0x0000000080000000, 0x0000000100000000)
  region size 1024K, 2 young (2048K), 2 survivors (2048K)
 Metaspace       used 12027K, committed 12224K, reserved 1114112K
  class space    used 1278K, committed 1408K, reserved 1048576K
}
Event: 4.541 GC heap before
{Heap before GC invocations=2 (full 0):
 garbage-first heap   total 129024K, used 76649K [0x0000000080000000, 0x0000000100000000)
  region size 1024K, 64 young (65536K), 2 survivors (2048K)
 Metaspace       used 21175K, committed 21504K, reserved 1114112K
  class space    used 2438K, committed 2624K, reserved 1048576K
}
Event: 4.555 GC heap after
{Heap after GC invocations=3 (full 0):
 garbage-first heap   total 129024K, used 21148K [0x0000000080000000, 0x0000000100000000)
  region size 1024K, 10 young (10240K), 10 survivors (10240K)
 Metaspace       used 21175K, committed 21504K, reserved 1114112K
  class space    used 2438K, committed 2624K, reserved 1048576K
}
Event: 5.525 GC heap before
{Heap before GC invocations=4 (full 0):
 garbage-first heap   total 78848K, used 77468K [0x0000000080000000, 0x0000000100000000)
  region size 1024K, 65 young (66560K), 10 survivors (10240K)
 Metaspace       used 30322K, committed 30912K, reserved 1114112K
  class space    used 3923K, committed 4224K, reserved 1048576K
}
Event: 5.531 GC heap after
{Heap after GC invocations=5 (full 0):
 garbage-first heap   total 93184K, used 24548K [0x0000000080000000, 0x0000000100000000)
  region size 1024K, 4 young (4096K), 4 survivors (4096K)
 Metaspace       used 30322K, committed 30912K, reserved 1114112K
  class space    used 3923K, committed 4224K, reserved 1048576K
}
Event: 6.076 GC heap before
{Heap before GC invocations=5 (full 0):
 garbage-first heap   total 93184K, used 72676K [0x0000000080000000, 0x0000000100000000)
  region size 1024K, 42 young (43008K), 4 survivors (4096K)
 Metaspace       used 35092K, committed 35968K, reserved 1114112K
  class space    used 4746K, committed 5184K, reserved 1048576K
}
Event: 6.081 GC heap after
{Heap after GC invocations=6 (full 0):
 garbage-first heap   total 93184K, used 41655K [0x0000000080000000, 0x0000000100000000)
  region size 1024K, 6 young (6144K), 6 survivors (6144K)
 Metaspace       used 35092K, committed 35968K, reserved 1114112K
  class space    used 4746K, committed 5184K, reserved 1048576K
}
Event: 6.134 GC heap before
{Heap before GC invocations=6 (full 0):
 garbage-first heap   total 93184K, used 45751K [0x0000000080000000, 0x0000000100000000)
  region size 1024K, 11 young (11264K), 6 survivors (6144K)
 Metaspace       used 35464K, committed 36288K, reserved 1114112K
  class space    used 4806K, committed 5248K, reserved 1048576K
}
Event: 6.136 GC heap after
{Heap after GC invocations=7 (full 0):
 garbage-first heap   total 93184K, used 41952K [0x0000000080000000, 0x0000000100000000)
  region size 1024K, 1 young (1024K), 1 survivors (1024K)
 Metaspace       used 35464K, committed 36288K, reserved 1114112K
  class space    used 4806K, committed 5248K, reserved 1048576K
}
Event: 6.701 GC heap before
{Heap before GC invocations=8 (full 0):
 garbage-first heap   total 93184K, used 78816K [0x0000000080000000, 0x0000000100000000)
  region size 1024K, 37 young (37888K), 1 survivors (1024K)
 Metaspace       used 40071K, committed 41152K, reserved 1114112K
  class space    used 5554K, committed 6080K, reserved 1048576K
}
Event: 6.703 GC heap after
{Heap after GC invocations=9 (full 0):
 garbage-first heap   total 93184K, used 43375K [0x0000000080000000, 0x0000000100000000)
  region size 1024K, 2 young (2048K), 2 survivors (2048K)
 Metaspace       used 40071K, committed 41152K, reserved 1114112K
  class space    used 5554K, committed 6080K, reserved 1048576K
}

Dll operation events (3 events):
Event: 0.027 Loaded shared library C:\Program Files\Android\Android Studio\jbr\bin\java.dll
Event: 0.041 Loaded shared library C:\Program Files\Android\Android Studio\jbr\bin\zip.dll
Event: 0.512 Loaded shared library C:\Program Files\Android\Android Studio\jbr\bin\verify.dll

Deoptimization events (20 events):
Event: 6.023 Thread 0x00000172cd07f0a0 DEOPT PACKING pc=0x00000172bb4989b8 sp=0x0000000c14ff7a20
Event: 6.023 Thread 0x00000172cd07f0a0 DEOPT UNPACKING pc=0x00000172bae97da2 sp=0x0000000c14ff7a18 mode 2
Event: 6.104 Thread 0x00000172cd07f0a0 DEOPT PACKING pc=0x00000172b3fbcdb3 sp=0x0000000c14ffafa0
Event: 6.104 Thread 0x00000172cd07f0a0 DEOPT UNPACKING pc=0x00000172bae988e2 sp=0x0000000c14ffa478 mode 0
Event: 6.106 Thread 0x00000172cd07f0a0 DEOPT PACKING pc=0x00000172b3cea193 sp=0x0000000c14ffaca0
Event: 6.106 Thread 0x00000172cd07f0a0 DEOPT UNPACKING pc=0x00000172bae988e2 sp=0x0000000c14ffa138 mode 0
Event: 6.119 Thread 0x00000172cd07f0a0 DEOPT PACKING pc=0x00000172b3cea193 sp=0x0000000c14ffb690
Event: 6.119 Thread 0x00000172cd07f0a0 DEOPT UNPACKING pc=0x00000172bae988e2 sp=0x0000000c14ffab28 mode 0
Event: 6.272 Thread 0x00000172cd07f0a0 Uncommon trap: trap_request=0xffffff45 fr.pc=0x00000172bb47a264 relative=0x0000000000000744
Event: 6.272 Thread 0x00000172cd07f0a0 Uncommon trap: reason=unstable_if action=reinterpret pc=0x00000172bb47a264 method=java.util.Properties$LineReader.readLine()I @ 95 c2
Event: 6.272 Thread 0x00000172cd07f0a0 DEOPT PACKING pc=0x00000172bb47a264 sp=0x0000000c14ffa130
Event: 6.272 Thread 0x00000172cd07f0a0 DEOPT UNPACKING pc=0x00000172bae97da2 sp=0x0000000c14ffa0e0 mode 2
Event: 6.441 Thread 0x00000172cd07f0a0 Uncommon trap: trap_request=0xffffff45 fr.pc=0x00000172bb410bf0 relative=0x00000000000002b0
Event: 6.441 Thread 0x00000172cd07f0a0 Uncommon trap: reason=unstable_if action=reinterpret pc=0x00000172bb410bf0 method=java.lang.StringLatin1.compareToCI([B[B)I @ 31 c2
Event: 6.441 Thread 0x00000172cd07f0a0 DEOPT PACKING pc=0x00000172bb410bf0 sp=0x0000000c14ff76e0
Event: 6.441 Thread 0x00000172cd07f0a0 DEOPT UNPACKING pc=0x00000172bae97da2 sp=0x0000000c14ff7688 mode 2
Event: 6.534 Thread 0x00000172cd07f0a0 Uncommon trap: trap_request=0xffffff45 fr.pc=0x00000172bb46f8b8 relative=0x00000000000002d8
Event: 6.534 Thread 0x00000172cd07f0a0 Uncommon trap: reason=unstable_if action=reinterpret pc=0x00000172bb46f8b8 method=java.util.HashMap.hash(Ljava/lang/Object;)I @ 1 c2
Event: 6.534 Thread 0x00000172cd07f0a0 DEOPT PACKING pc=0x00000172bb46f8b8 sp=0x0000000c14ff79b0
Event: 6.534 Thread 0x00000172cd07f0a0 DEOPT UNPACKING pc=0x00000172bae97da2 sp=0x0000000c14ff7848 mode 2

Classes loaded (20 events):
Event: 6.229 Loading class java/lang/StringIndexOutOfBoundsException
Event: 6.230 Loading class java/lang/StringIndexOutOfBoundsException done
Event: 6.390 Loading class jdk/internal/reflect/MethodHandleIntegerFieldAccessorImpl
Event: 6.390 Loading class jdk/internal/reflect/MethodHandleIntegerFieldAccessorImpl done
Event: 6.503 Loading class java/lang/invoke/BoundMethodHandle$Species_LLLLLLLLLLLLLLLLLLLLLLLL
Event: 6.503 Loading class java/lang/invoke/BoundMethodHandle$Species_LLLLLLLLLLLLLLLLLLLLLLLL done
Event: 6.525 Loading class java/lang/invoke/SerializedLambda
Event: 6.526 Loading class java/lang/invoke/SerializedLambda done
Event: 6.531 Loading class java/lang/reflect/AnnotatedType
Event: 6.531 Loading class java/lang/reflect/AnnotatedType done
Event: 6.541 Loading class java/lang/Class$EnclosingMethodInfo
Event: 6.541 Loading class java/lang/Class$EnclosingMethodInfo done
Event: 6.543 Loading class sun/reflect/generics/tree/IntSignature
Event: 6.543 Loading class sun/reflect/generics/tree/IntSignature done
Event: 6.543 Loading class sun/reflect/generics/tree/ArrayTypeSignature
Event: 6.543 Loading class sun/reflect/generics/tree/ArrayTypeSignature done
Event: 6.551 Loading class java/lang/SafeVarargs
Event: 6.551 Loading class java/lang/SafeVarargs done
Event: 6.606 Loading class java/util/regex/Pattern$GroupCurly
Event: 6.606 Loading class java/util/regex/Pattern$GroupCurly done

Classes unloaded (0 events):
No events

Classes redefined (0 events):
No events

Internal exceptions (20 events):
Event: 6.125 Thread 0x00000172cd07f0a0 Exception <a 'java/lang/NoSuchMethodError'{0x0000000084c059a8}: static Lorg/gradle/tooling/internal/consumer/versioning/VersionDetails$R28VersionDetails;.<clinit>()V> (0x0000000084c059a8) 
thrown [s\src\hotspot\share\prims\jni.cpp, line 1126]
Event: 6.125 Thread 0x00000172cd07f0a0 Exception <a 'java/lang/NoSuchMethodError'{0x0000000084c06f50}: static Lorg/gradle/tooling/internal/consumer/versioning/VersionDetails$R35VersionDetails;.<clinit>()V> (0x0000000084c06f50) 
thrown [s\src\hotspot\share\prims\jni.cpp, line 1126]
Event: 6.125 Thread 0x00000172cd07f0a0 Exception <a 'java/lang/NoSuchMethodError'{0x0000000084c086c0}: static Lorg/gradle/tooling/internal/consumer/versioning/VersionDetails$R44VersionDetails;.<clinit>()V> (0x0000000084c086c0) 
thrown [s\src\hotspot\share\prims\jni.cpp, line 1126]
Event: 6.125 Thread 0x00000172cd07f0a0 Exception <a 'java/lang/NoSuchMethodError'{0x0000000084c09d68}: static Lorg/gradle/tooling/internal/consumer/versioning/VersionDetails$R48VersionDetails;.<clinit>()V> (0x0000000084c09d68) 
thrown [s\src\hotspot\share\prims\jni.cpp, line 1126]
Event: 6.125 Thread 0x00000172cd07f0a0 Exception <a 'java/lang/NoSuchMethodError'{0x0000000084c0b000}: static Lorg/gradle/tooling/internal/consumer/versioning/VersionDetails$R51VersionDetails;.<clinit>()V> (0x0000000084c0b000) 
thrown [s\src\hotspot\share\prims\jni.cpp, line 1126]
Event: 6.128 Thread 0x00000172cd07f0a0 Exception <a 'java/lang/NoSuchMethodError'{0x0000000084c2e3f8}: 'java.lang.Object java.lang.invoke.DirectMethodHandle$Holder.newInvokeSpecial(java.lang.Object, java.lang.Object, java.lang.Object, int)'> (0x0000000084c2e3f8) 
thrown [s\src\hotspot\share\interpreter\linkResolver.cpp, line 784]
Event: 6.128 Thread 0x00000172cd07f0a0 Exception <a 'java/lang/NoSuchMethodError'{0x0000000084c32800}: 'java.lang.Object java.lang.invoke.DirectMethodHandle$Holder.invokeSpecial(java.lang.Object, java.lang.Object, java.lang.Object, java.lang.Object, int)'> (0x0000000084c32800) 
thrown [s\src\hotspot\share\interpreter\linkResolver.cpp, line 784]
Event: 6.128 Thread 0x00000172cd07f0a0 Exception <a 'java/lang/NoSuchMethodError'{0x0000000084c363f8}: 'java.lang.Object java.lang.invoke.Invokers$Holder.linkToTargetMethod(java.lang.Object, java.lang.Object, int, java.lang.Object)'> (0x0000000084c363f8) 
thrown [s\src\hotspot\share\interpreter\linkResolver.cpp, line 784]
Event: 6.187 Thread 0x00000172cd07f0a0 Exception <a 'java/lang/NoSuchMethodError'{0x0000000084dba420}: 'void java.lang.invoke.DirectMethodHandle$Holder.invokeStaticInit(java.lang.Object, java.lang.Object, java.lang.Object, java.lang.Object)'> (0x0000000084dba420) 
thrown [s\src\hotspot\share\interpreter\linkResolver.cpp, line 784]
Event: 6.291 Thread 0x00000172cd07f0a0 Exception <a 'java/lang/NoSuchMethodError'{0x000000008469d150}: 'void java.lang.invoke.DirectMethodHandle$Holder.invokeInterface(java.lang.Object, java.lang.Object, java.lang.Object, java.lang.Object, java.lang.Object)'> (0x000000008469d150) 
thrown [s\src\hotspot\share\interpreter\linkResolver.cpp, line 784]
Event: 6.385 Thread 0x00000172cd07f0a0 Exception <a 'java/lang/NoSuchMethodError'{0x0000000083e4ace8}: 'java.lang.Object java.lang.invoke.DirectMethodHandle$Holder.newInvokeSpecial(java.lang.Object, java.lang.Object, int, int)'> (0x0000000083e4ace8) 
thrown [s\src\hotspot\share\interpreter\linkResolver.cpp, line 784]
Event: 6.391 Thread 0x00000172cd07f0a0 Exception <a 'java/lang/NoSuchMethodError'{0x0000000083e883f8}: 'void java.lang.invoke.DirectMethodHandle$Holder.invokeSpecial(java.lang.Object, java.lang.Object, int)'> (0x0000000083e883f8) 
thrown [s\src\hotspot\share\interpreter\linkResolver.cpp, line 784]
Event: 6.392 Thread 0x00000172cd07f0a0 Exception <a 'java/lang/NoSuchMethodError'{0x0000000083e8c988}: 'void java.lang.invoke.Invokers$Holder.invokeExact_MT(java.lang.Object, int, java.lang.Object)'> (0x0000000083e8c988) 
thrown [s\src\hotspot\share\interpreter\linkResolver.cpp, line 784]
Event: 6.447 Thread 0x00000172cd07f0a0 Exception <a 'java/lang/NoSuchMethodError'{0x0000000083bd0c68}: 'java.lang.Object java.lang.invoke.DirectMethodHandle$Holder.invokeSpecialIFC(java.lang.Object, java.lang.Object, java.lang.Object, java.lang.Object)'> (0x0000000083bd0c68) 
thrown [s\src\hotspot\share\interpreter\linkResolver.cpp, line 784]
Event: 6.496 Thread 0x00000172cd07f0a0 Exception <a 'java/lang/NoSuchMethodError'{0x00000000837656c0}: 'java.lang.Object java.lang.invoke.DirectMethodHandle$Holder.invokeVirtual(java.lang.Object, java.lang.Object, java.lang.Object, java.lang.Object, java.lang.Object, java.lang.Object, java.lang.Object, java.lang.Object, java.lang.Object, java.lang.Object, java.lang.Object, java.lang.Object, java.lang.Object, java.lang.Object, java.lang.Object, java.lang.Object, java.lang.Object, java.lang.Object, java.lang.Object, java.lang.Object, java.lang.Ob
Event: 6.496 Thread 0x00000172cd07f0a0 Exception <a 'java/lang/NoSuchMethodError'{0x000000008376c9f0}: 'java.lang.Object java.lang.invoke.DirectMethodHandle$Holder.invokeSpecial(java.lang.Object, java.lang.Object, java.lang.Object, java.lang.Object, java.lang.Object, java.lang.Object, java.lang.Object, java.lang.Object, java.lang.Object, java.lang.Object, java.lang.Object, java.lang.Object, java.lang.Object, java.lang.Object, java.lang.Object, java.lang.Object, java.lang.Object, java.lang.Object, java.lang.Object, java.lang.Object, java.lang.Ob
Event: 6.497 Thread 0x00000172cd07f0a0 Exception <a 'java/lang/NoSuchMethodError'{0x0000000083772eb8}: 'java.lang.Object java.lang.invoke.DelegatingMethodHandle$Holder.reinvoke_L(java.lang.Object, java.lang.Object, java.lang.Object, java.lang.Object, java.lang.Object, java.lang.Object, java.lang.Object, java.lang.Object, java.lang.Object, java.lang.Object, java.lang.Object, java.lang.Object, java.lang.Object, java.lang.Object, java.lang.Object, java.lang.Object, java.lang.Object, java.lang.Object, java.lang.Object, java.lang.Object, java.lang.O
Event: 6.506 Thread 0x00000172cd07f0a0 Exception <a 'java/lang/NoSuchMethodError'{0x0000000083641f70}: 'java.lang.Object java.lang.invoke.DirectMethodHandle$Holder.invokeStatic(java.lang.Object, java.lang.Object, java.lang.Object, java.lang.Object, java.lang.Object, java.lang.Object, java.lang.Object, java.lang.Object, java.lang.Object, java.lang.Object, java.lang.Object, java.lang.Object, java.lang.Object, java.lang.Object, java.lang.Object, java.lang.Object, java.lang.Object, java.lang.Object, java.lang.Object, java.lang.Object, java.lang.Obj
Event: 6.534 Thread 0x00000172cd07f0a0 Implicit null exception at 0x00000172bb46f63a to 0x00000172bb46f8a0
Event: 6.733 Thread 0x00000172cd07f0a0 Exception <a 'java/lang/NoSuchMethodError'{0x0000000084e1aef8}: 'java.lang.Object java.lang.invoke.DirectMethodHandle$Holder.invokeStaticInit(java.lang.Object, java.lang.Object, java.lang.Object)'> (0x0000000084e1aef8) 
thrown [s\src\hotspot\share\interpreter\linkResolver.cpp, line 784]

ZGC Phase Switch (0 events):
No events

VM Operations (20 events):
Event: 5.525 Executing VM operation: G1CollectForAllocation (G1 Evacuation Pause)
Event: 5.531 Executing VM operation: G1CollectForAllocation (G1 Evacuation Pause) done
Event: 5.922 Executing VM operation: HandshakeAllThreads (Deoptimize)
Event: 5.922 Executing VM operation: HandshakeAllThreads (Deoptimize) done
Event: 6.076 Executing VM operation: CollectForMetadataAllocation (Metadata GC Threshold)
Event: 6.081 Executing VM operation: CollectForMetadataAllocation (Metadata GC Threshold) done
Event: 6.134 Executing VM operation: CollectForMetadataAllocation (Metadata GC Threshold)
Event: 6.136 Executing VM operation: CollectForMetadataAllocation (Metadata GC Threshold) done
Event: 6.146 Executing VM operation: G1PauseRemark
Event: 6.148 Executing VM operation: G1PauseRemark done
Event: 6.153 Executing VM operation: G1PauseCleanup
Event: 6.154 Executing VM operation: G1PauseCleanup done
Event: 6.274 Executing VM operation: HandshakeAllThreads (Deoptimize)
Event: 6.275 Executing VM operation: HandshakeAllThreads (Deoptimize) done
Event: 6.539 Executing VM operation: HandshakeAllThreads (Deoptimize)
Event: 6.539 Executing VM operation: HandshakeAllThreads (Deoptimize) done
Event: 6.700 Executing VM operation: G1CollectForAllocation (G1 Evacuation Pause)
Event: 6.703 Executing VM operation: G1CollectForAllocation (G1 Evacuation Pause) done
Event: 6.716 Executing VM operation: HandshakeAllThreads (Deoptimize)
Event: 6.716 Executing VM operation: HandshakeAllThreads (Deoptimize) done

Events (20 events):
Event: 6.148 Thread 0x00000172c7eb60b0 flushing nmethod 0x00000172bb418910
Event: 6.148 Thread 0x00000172c7eb60b0 flushing nmethod 0x00000172bb41b910
Event: 6.148 Thread 0x00000172c7eb60b0 flushing nmethod 0x00000172bb3ec390
Event: 6.148 Thread 0x00000172c7eb60b0 flushing nmethod 0x00000172bb40ae10
Event: 6.148 Thread 0x00000172c7eb60b0 flushing nmethod 0x00000172bb40a110
Event: 6.148 Thread 0x00000172c7eb60b0 flushing nmethod 0x00000172bb408990
Event: 6.148 Thread 0x00000172c7eb60b0 flushing nmethod 0x00000172bb415a10
Event: 6.148 Thread 0x00000172c7eb60b0 flushing nmethod 0x00000172bb415690
Event: 6.148 Thread 0x00000172c7eb60b0 flushing nmethod 0x00000172bb402890
Event: 6.148 Thread 0x00000172c7eb60b0 flushing nmethod 0x00000172bb3ff890
Event: 6.148 Thread 0x00000172c7eb60b0 flushing nmethod 0x00000172bb3fac90
Event: 6.148 Thread 0x00000172c7eb60b0 flushing nmethod 0x00000172bb3f4090
Event: 6.148 Thread 0x00000172c7eb60b0 flushing nmethod 0x00000172bb406c10
Event: 6.148 Thread 0x00000172c7eb60b0 flushing nmethod 0x00000172bb3fa190
Event: 6.148 Thread 0x00000172c7eb60b0 flushing nmethod 0x00000172bb3fe390
Event: 6.148 Thread 0x00000172c7eb60b0 flushing nmethod 0x00000172bb3e8890
Event: 6.148 Thread 0x00000172c7eb60b0 flushing nmethod 0x00000172bb3e7690
Event: 6.440 Thread 0x00000172ce42a8d0 Thread added: 0x00000172ce42a8d0
Event: 6.478 Thread 0x00000172ce42c310 Thread added: 0x00000172ce42c310
Event: 6.632 Thread 0x00000172ce42c9a0 Thread added: 0x00000172ce42c9a0


Dynamic libraries:
0x00007ff6d1f80000 - 0x00007ff6d1f8a000 	C:\Program Files\Android\Android Studio\jbr\bin\java.exe
0x00007ff8c54b0000 - 0x00007ff8c56a8000 	C:\Windows\SYSTEM32\ntdll.dll
0x00007ff8c3d40000 - 0x00007ff8c3e02000 	C:\Windows\System32\KERNEL32.DLL
0x00007ff8c2f40000 - 0x00007ff8c323f000 	C:\Windows\System32\KERNELBASE.dll
0x00007ff8c2bf0000 - 0x00007ff8c2cf0000 	C:\Windows\System32\ucrtbase.dll
0x00007ff8bcf50000 - 0x00007ff8bcf68000 	C:\Program Files\Android\Android Studio\jbr\bin\jli.dll
0x00007ff8bf4b0000 - 0x00007ff8bf4cb000 	C:\Program Files\Android\Android Studio\jbr\bin\VCRUNTIME140.dll
0x00007ff8c51b0000 - 0x00007ff8c534d000 	C:\Windows\System32\USER32.dll
0x00007ff8c32d0000 - 0x00007ff8c32f2000 	C:\Windows\System32\win32u.dll
0x00007ff8c5180000 - 0x00007ff8c51ab000 	C:\Windows\System32\GDI32.dll
0x00007ff8c33a0000 - 0x00007ff8c34b7000 	C:\Windows\System32\gdi32full.dll
0x00007ff8c3300000 - 0x00007ff8c339d000 	C:\Windows\System32\msvcp_win.dll
0x00007ff8b2d70000 - 0x00007ff8b300a000 	C:\Windows\WinSxS\amd64_microsoft.windows.common-controls_6595b64144ccf1df_6.0.19041.4355_none_60b8b9eb71f62e16\COMCTL32.dll
0x00007ff8c44c0000 - 0x00007ff8c455e000 	C:\Windows\System32\msvcrt.dll
0x00007ff8c3650000 - 0x00007ff8c367f000 	C:\Windows\System32\IMM32.DLL
0x00007ff8c0120000 - 0x00007ff8c012c000 	C:\Program Files\Android\Android Studio\jbr\bin\vcruntime140_1.dll
0x00007ff89b9b0000 - 0x00007ff89ba3d000 	C:\Program Files\Android\Android Studio\jbr\bin\msvcp140.dll
0x00007ff85fc80000 - 0x00007ff8608fd000 	C:\Program Files\Android\Android Studio\jbr\bin\server\jvm.dll
0x00007ff8c53b0000 - 0x00007ff8c5461000 	C:\Windows\System32\ADVAPI32.dll
0x00007ff8c3e10000 - 0x00007ff8c3eaf000 	C:\Windows\System32\sechost.dll
0x00007ff8c3680000 - 0x00007ff8c37a3000 	C:\Windows\System32\RPCRT4.dll
0x00007ff8c2f10000 - 0x00007ff8c2f37000 	C:\Windows\System32\bcrypt.dll
0x00007ff8c4eb0000 - 0x00007ff8c4f1b000 	C:\Windows\System32\WS2_32.dll
0x00007ff8c2080000 - 0x00007ff8c20cb000 	C:\Windows\SYSTEM32\POWRPROF.dll
0x00007ff8a7240000 - 0x00007ff8a7267000 	C:\Windows\SYSTEM32\WINMM.dll
0x00007ff8b9970000 - 0x00007ff8b997a000 	C:\Windows\SYSTEM32\VERSION.dll
0x00007ff8c1f40000 - 0x00007ff8c1f52000 	C:\Windows\SYSTEM32\UMPDC.dll
0x00007ff8c0960000 - 0x00007ff8c0972000 	C:\Windows\SYSTEM32\kernel.appcore.dll
0x00007ff8bf9b0000 - 0x00007ff8bf9ba000 	C:\Program Files\Android\Android Studio\jbr\bin\jimage.dll
0x00007ff8b9b00000 - 0x00007ff8b9ce4000 	C:\Windows\SYSTEM32\DBGHELP.DLL
0x00007ff8a3f00000 - 0x00007ff8a3f34000 	C:\Windows\SYSTEM32\dbgcore.DLL
0x00007ff8c3240000 - 0x00007ff8c32c2000 	C:\Windows\System32\bcryptPrimitives.dll
0x00007ff8bd260000 - 0x00007ff8bd26e000 	C:\Program Files\Android\Android Studio\jbr\bin\instrument.dll
0x00007ff8bf460000 - 0x00007ff8bf47f000 	C:\Program Files\Android\Android Studio\jbr\bin\java.dll
0x00007ff8bee10000 - 0x00007ff8bee28000 	C:\Program Files\Android\Android Studio\jbr\bin\zip.dll
0x00007ff8c4690000 - 0x00007ff8c4dfe000 	C:\Windows\System32\SHELL32.dll
0x00007ff8c0b80000 - 0x00007ff8c1324000 	C:\Windows\SYSTEM32\windows.storage.dll
0x00007ff8c39c0000 - 0x00007ff8c3d15000 	C:\Windows\System32\combase.dll
0x00007ff8c2570000 - 0x00007ff8c259f000 	C:\Windows\SYSTEM32\Wldp.dll
0x00007ff8c3890000 - 0x00007ff8c395d000 	C:\Windows\System32\OLEAUT32.dll
0x00007ff8c4e00000 - 0x00007ff8c4ead000 	C:\Windows\System32\SHCORE.dll
0x00007ff8c5350000 - 0x00007ff8c53a5000 	C:\Windows\System32\shlwapi.dll
0x00007ff8c2a70000 - 0x00007ff8c2a94000 	C:\Windows\SYSTEM32\profapi.dll
0x00007ff8bf980000 - 0x00007ff8bf990000 	C:\Program Files\Android\Android Studio\jbr\bin\net.dll
0x00007ff8bb790000 - 0x00007ff8bb89d000 	C:\Windows\SYSTEM32\WINHTTP.dll
0x00007ff8c22d0000 - 0x00007ff8c233a000 	C:\Windows\system32\mswsock.dll
0x00007ff8bd280000 - 0x00007ff8bd296000 	C:\Program Files\Android\Android Studio\jbr\bin\nio.dll
0x00007ff8bd220000 - 0x00007ff8bd230000 	C:\Program Files\Android\Android Studio\jbr\bin\verify.dll
0x00007ff8b3cd0000 - 0x00007ff8b3cf7000 	C:\Users\Idanb\.gradle\native\c067742578af261105cb4f569cf0c3c89f3d7b1fecec35dd04571415982c5e48\windows-amd64\native-platform.dll
0x00007ff883c20000 - 0x00007ff883d64000 	C:\Users\Idanb\.gradle\native\100fb08df4bc3b14c8652ba06237920a3bd2aa13389f12d3474272988ae205f9\windows-amd64\native-platform-file-events.dll
0x00007ff8bf270000 - 0x00007ff8bf279000 	C:\Program Files\Android\Android Studio\jbr\bin\management.dll
0x00007ff8bee00000 - 0x00007ff8bee0b000 	C:\Program Files\Android\Android Studio\jbr\bin\management_ext.dll
0x00007ff8c44b0000 - 0x00007ff8c44b8000 	C:\Windows\System32\PSAPI.DLL
0x00007ff8c24c0000 - 0x00007ff8c24d8000 	C:\Windows\SYSTEM32\CRYPTSP.dll
0x00007ff8c1b50000 - 0x00007ff8c1b84000 	C:\Windows\system32\rsaenh.dll
0x00007ff8c2a30000 - 0x00007ff8c2a5e000 	C:\Windows\SYSTEM32\USERENV.dll
0x00007ff8c24e0000 - 0x00007ff8c24ec000 	C:\Windows\SYSTEM32\CRYPTBASE.dll
0x00007ff8c1f60000 - 0x00007ff8c1f9b000 	C:\Windows\SYSTEM32\IPHLPAPI.DLL
0x00007ff8c4560000 - 0x00007ff8c4568000 	C:\Windows\System32\NSI.dll
0x00007ff8bf490000 - 0x00007ff8bf499000 	C:\Program Files\Android\Android Studio\jbr\bin\extnet.dll
0x00007ff8abdd0000 - 0x00007ff8abdd7000 	C:\Windows\system32\wshunix.dll

dbghelp: loaded successfully - version: 4.0.5 - missing functions: none
symbol engine: initialized successfully - sym options: 0x614 - pdb path: .;C:\Program Files\Android\Android Studio\jbr\bin;C:\Windows\SYSTEM32;C:\Windows\WinSxS\amd64_microsoft.windows.common-controls_6595b64144ccf1df_6.0.19041.4355_none_60b8b9eb71f62e16;C:\Program Files\Android\Android Studio\jbr\bin\server;C:\Users\Idanb\.gradle\native\c067742578af261105cb4f569cf0c3c89f3d7b1fecec35dd04571415982c5e48\windows-amd64;C:\Users\Idanb\.gradle\native\100fb08df4bc3b14c8652ba06237920a3bd2aa13389f12d3474272988ae205f9\windows-amd64

VM Arguments:
jvm_args: --add-opens=java.base/java.util=ALL-UNNAMED --add-opens=java.base/java.lang=ALL-UNNAMED --add-opens=java.base/java.lang.invoke=ALL-UNNAMED --add-opens=java.prefs/java.util.prefs=ALL-UNNAMED --add-exports=jdk.compiler/com.sun.tools.javac.api=ALL-UNNAMED --add-exports=jdk.compiler/com.sun.tools.javac.util=ALL-UNNAMED --add-opens=java.base/java.nio.charset=ALL-UNNAMED --add-opens=java.base/java.net=ALL-UNNAMED --add-opens=java.base/java.util.concurrent.atomic=ALL-UNNAMED -Xmx2048m -Dfile.encoding=UTF-8 -Duser.country=US -Duser.language=en -Duser.variant -javaagent:C:\Users\Idanb\.gradle\wrapper\dists\gradle-8.9-bin\90cnw93cvbtalezasaz0blq0a\gradle-8.9\lib\agents\gradle-instrumentation-agent-8.9.jar 
java_command: org.gradle.launcher.daemon.bootstrap.GradleDaemon 8.9
java_class_path (initial): C:\Users\Idanb\.gradle\wrapper\dists\gradle-8.9-bin\90cnw93cvbtalezasaz0blq0a\gradle-8.9\lib\gradle-daemon-main-8.9.jar
Launcher Type: SUN_STANDARD

[Global flags]
     intx CICompilerCount                          = 4                                         {product} {ergonomic}
     uint ConcGCThreads                            = 2                                         {product} {ergonomic}
     uint G1ConcRefinementThreads                  = 8                                         {product} {ergonomic}
   size_t G1HeapRegionSize                         = 1048576                                   {product} {ergonomic}
    uintx GCDrainStackTargetSize                   = 64                                        {product} {ergonomic}
   size_t InitialHeapSize                          = 132120576                                 {product} {ergonomic}
   size_t MarkStackSize                            = 4194304                                   {product} {ergonomic}
   size_t MaxHeapSize                              = 2147483648                                {product} {command line}
   size_t MaxNewSize                               = 1287651328                                {product} {ergonomic}
   size_t MinHeapDeltaBytes                        = 1048576                                   {product} {ergonomic}
   size_t MinHeapSize                              = 8388608                                   {product} {ergonomic}
    uintx NonNMethodCodeHeapSize                   = 5839372                                {pd product} {ergonomic}
    uintx NonProfiledCodeHeapSize                  = 122909434                              {pd product} {ergonomic}
    uintx ProfiledCodeHeapSize                     = 122909434                              {pd product} {ergonomic}
    uintx ReservedCodeCacheSize                    = 251658240                              {pd product} {ergonomic}
     bool SegmentedCodeCache                       = true                                      {product} {ergonomic}
   size_t SoftMaxHeapSize                          = 2147483648                             {manageable} {ergonomic}
     bool UseCompressedOops                        = true                           {product lp64_product} {ergonomic}
     bool UseG1GC                                  = true                                      {product} {ergonomic}
     bool UseLargePagesIndividualAllocation        = false                                  {pd product} {ergonomic}

Logging:
Log output configuration:
 #0: stdout all=warning uptime,level,tags foldmultilines=false
 #1: stderr all=off uptime,level,tags foldmultilines=false

Environment Variables:
PATH=C:\Program Files (x86)\VMware\VMware Player\bin\;C:\Program Files\Common Files\Oracle\Java\javapath;C:\Windows\system32;C:\Windows;C:\Windows\System32\Wbem;C:\Windows\System32\WindowsPowerShell\v1.0\;C:\Windows\System32\OpenSSH\;C:\Program Files\Git\cmd;C:\Users\Idanb\AppData\Local\Programs\Python\Python310;C:\Users\Idanb\AppData\Local\Programs\Python\Python310\scripts;C:\Program Files\Docker\Docker\resources\bin;C:\ProgramData\DockerDesktop\version-bin;C:\Program Files\Kubernetes\Minikube;C:\minikube;C:\Program Files\Go\bin;C:\helm\windows-amd64;C:\Users\Idanb\AppData\Roaming\nvm;C:\Program Files\nodejs;C:\Program Files\Amazon\AWSCLIV2\;C:\Users\Idanb\OneDrive\ \PATH;C:\Users\Idanb\scoop\shims;C:\Users\Idanb\AppData\Roaming\npm;C:\Windows\system32\config\systemprofile\AppData\Local\Microsoft\WindowsApps;C:\Users\Idanb\AppData\Local\Programs\Microsoft VS Code\bin;";";C:\Program Files (x86)\GitHub CLI\;C:\Program Files (x86)\heroku\bin;C:\Program Files\heroku\bin;C:\Windows\system32\config\systemprofile\go\bin;C:\Program Files (x86)\Terraform;C:\Users\Idanb\bin;C:\Program Files\Lens\resources\cli\bin;C:\Users\Idanb\AppData\Roaming\nvm;C:\Program Files\nodejs
USERNAME=Idanb
OS=Windows_NT
PROCESSOR_IDENTIFIER=Intel64 Family 6 Model 140 Stepping 1, GenuineIntel
TMP=C:\Users\Idanb\AppData\Local\Temp
TEMP=C:\Users\Idanb\AppData\Local\Temp




Periodic native trim disabled

JNI global refs:
JNI global refs: 26, weak refs: 0

JNI global refs memory usage: 835, weak refs: 833

Process memory usage:
Resident Set Size: 256848K (3% of 8183096K total physical memory with 328324K free physical memory)

OOME stack traces (most recent first):
Classloader memory used:
Loader bootstrap                                                                       : 18587K
Loader org.gradle.internal.classloader.VisitableURLClassLoader                         : 17017K
Loader org.gradle.initialization.MixInLegacyTypesClassLoader                           : 4133K
Loader org.gradle.internal.classloader.VisitableURLClassLoader                         : 709K
Loader jdk.internal.loader.ClassLoaders$AppClassLoader                                 : 230K
Loader jdk.internal.reflect.DelegatingClassLoader                                      : 150K
Loader jdk.internal.loader.ClassLoaders$PlatformClassLoader                            : 114K

Classes loaded by more than one classloader:
Class org.gradle.api.GradleException                                                  : loaded 3 times (x 79B)
Class org.gradle.internal.classloader.ClassLoaderHierarchy                            : loaded 2 times (x 67B)
Class org.gradle.api.internal.classpath.ManifestUtil                                  : loaded 2 times (x 68B)
Class org.gradle.internal.operations.MultipleBuildOperationFailures                   : loaded 2 times (x 92B)
Class org.gradle.internal.classloader.DefaultClassLoaderFactory                       : loaded 2 times (x 79B)
Class org.gradle.internal.classloader.ClassLoaderVisitor                              : loaded 2 times (x 73B)
Class org.gradle.api.internal.classpath.EffectiveClassPath                            : loaded 2 times (x 87B)
Class org.gradle.api.internal.DefaultClassPathProvider                                : loaded 2 times (x 73B)
Class [Lorg.gradle.api.internal.ClassPathProvider;                                    : loaded 2 times (x 66B)
Class org.gradle.api.internal.ClassPathProvider                                       : loaded 2 times (x 67B)
Class org.gradle.internal.service.UnknownServiceException                             : loaded 2 times (x 80B)
Class org.gradle.internal.classpath.TransformedClassPath                              : loaded 2 times (x 93B)
Class org.gradle.internal.service.ServiceLocator                                      : loaded 2 times (x 67B)
Class org.gradle.internal.InternalTransformer                                         : loaded 2 times (x 67B)
Class org.gradle.internal.time.DefaultTimer                                           : loaded 2 times (x 77B)
Class org.gradle.internal.classloader.ClasspathUtil$1                                 : loaded 2 times (x 73B)
Class org.gradle.api.internal.classpath.DefaultModuleRegistry$DefaultModule           : loaded 2 times (x 83B)
Class org.gradle.internal.time.DefaultCountdownTimer                                  : loaded 2 times (x 85B)
Class kotlin.Function                                                                 : loaded 2 times (x 67B)
Class org.gradle.api.internal.classpath.Module                                        : loaded 2 times (x 67B)
Class org.gradle.api.internal.classpath.UnknownModuleException                        : loaded 2 times (x 79B)
Class org.gradle.api.internal.DefaultClassPathRegistry                                : loaded 2 times (x 73B)
Class org.gradle.api.internal.ClassPathRegistry                                       : loaded 2 times (x 67B)
Class org.gradle.internal.classpath.DefaultClassPath$ImmutableUniqueList              : loaded 2 times (x 196B)
Class org.gradle.internal.classpath.ClassPath                                         : loaded 2 times (x 67B)
Class org.gradle.api.UncheckedIOException                                             : loaded 2 times (x 79B)
Class kotlin.UninitializedPropertyAccessException                                     : loaded 2 times (x 79B)
Class org.gradle.internal.installation.GradleInstallation$1                           : loaded 2 times (x 72B)
Class org.gradle.api.internal.classpath.ModuleRegistry                                : loaded 2 times (x 67B)
Class org.gradle.api.internal.classpath.DefaultModuleRegistry                         : loaded 2 times (x 80B)
Class org.gradle.internal.time.MonotonicClock                                         : loaded 2 times (x 74B)
Class org.gradle.internal.service.ServiceLookupException                              : loaded 2 times (x 79B)
Class org.gradle.internal.classloader.ClassLoaderFactory                              : loaded 2 times (x 67B)
Class org.gradle.internal.service.CachingServiceLocator                               : loaded 2 times (x 79B)
Class org.gradle.internal.time.TimeSource                                             : loaded 2 times (x 67B)
Class org.gradle.internal.exceptions.ResolutionProvider                               : loaded 2 times (x 67B)
Class org.gradle.internal.classloader.ClasspathUtil                                   : loaded 2 times (x 68B)
Class org.gradle.internal.time.TimeSource$1                                           : loaded 2 times (x 74B)
Class org.gradle.api.specs.Spec                                                       : loaded 2 times (x 67B)
Class org.gradle.internal.time.Clock                                                  : loaded 2 times (x 67B)
Class org.gradle.internal.classloader.VisitableURLClassLoader$InstrumentingVisitableURLClassLoader: loaded 2 times (x 120B)
Class org.gradle.internal.classloader.VisitableURLClassLoader$Spec                    : loaded 2 times (x 71B)
Class org.gradle.internal.classpath.DefaultClassPath                                  : loaded 2 times (x 87B)
Class org.gradle.internal.classloader.ClassLoaderSpec                                 : loaded 2 times (x 68B)
Class org.gradle.internal.classloader.VisitableURLClassLoader                         : loaded 2 times (x 114B)
Class org.gradle.internal.Cast                                                        : loaded 2 times (x 68B)
Class org.gradle.api.Action                                                           : loaded 2 times (x 67B)
Class org.gradle.internal.agents.InstrumentingClassLoader                             : loaded 2 times (x 67B)
Class org.gradle.internal.classpath.DefaultClassPath$ImmutableUniqueList$Builder      : loaded 2 times (x 72B)
Class org.gradle.internal.classloader.FilteringClassLoader                            : loaded 2 times (x 102B)
Class org.gradle.internal.exceptions.NonGradleCauseExceptionsHolder                   : loaded 2 times (x 67B)
Class org.gradle.internal.IoActions                                                   : loaded 2 times (x 68B)
Class org.gradle.internal.classloader.SystemClassLoaderSpec                           : loaded 2 times (x 68B)
Class org.gradle.internal.exceptions.MultiCauseException                              : loaded 2 times (x 67B)
Class org.gradle.internal.time.CountdownTimer                                         : loaded 2 times (x 67B)
Class kotlin.jvm.internal.Intrinsics                                                  : loaded 2 times (x 68B)
Class org.gradle.tooling.model.ProjectModel                                           : loaded 2 times (x 67B)
Class kotlin.KotlinNullPointerException                                               : loaded 2 times (x 80B)
Class org.gradle.internal.exceptions.DefaultMultiCauseException                       : loaded 2 times (x 92B)
Class org.gradle.internal.time.Time                                                   : loaded 2 times (x 68B)
Class org.gradle.internal.time.Timer                                                  : loaded 2 times (x 67B)
Class org.gradle.internal.installation.CurrentGradleInstallationLocator               : loaded 2 times (x 68B)
Class org.gradle.internal.service.DefaultServiceLocator                               : loaded 2 times (x 80B)
Class org.gradle.util.GradleVersion                                                   : loaded 2 times (x 80B)
Class org.gradle.internal.installation.CurrentGradleInstallation                      : loaded 2 times (x 70B)
Class org.gradle.util.internal.GUtil                                                  : loaded 2 times (x 68B)
Class org.gradle.internal.installation.GradleInstallation                             : loaded 2 times (x 72B)

---------------  S Y S T E M  ---------------

OS:
 Windows 10 , 64 bit Build 19041 (10.0.19041.5198)
OS uptime: 3 days 0:11 hours
Hyper-V role detected

CPU: total 8 (initial active 8) (4 cores per cpu, 2 threads per core) family 6 model 140 stepping 1 microcode 0x9a, cx8, cmov, fxsr, ht, mmx, 3dnowpref, sse, sse2, sse3, ssse3, sse4.1, sse4.2, popcnt, lzcnt, tsc, tscinvbit, avx, avx2, aes, erms, clmul, bmi1, bmi2, adx, avx512f, avx512dq, avx512cd, avx512bw, avx512vl, sha, fma, vzeroupper, avx512_vpopcntdq, avx512_vpclmulqdq, avx512_vaes, avx512_vnni, clflush, clflushopt, clwb, avx512_vbmi2, avx512_vbmi, hv, rdtscp, rdpid, fsrm, gfni, avx512_bitalg, f16c, cet_ibt, cet_ss, avx512_ifma
Processor Information for all 8 processors :
  Max Mhz: 2803, Current Mhz: 2803, Mhz Limit: 2803

Memory: 4k page, system-wide physical 7991M (330M free)
TotalPageFile size 32567M (AvailPageFile size 100M)
current process WorkingSet (physical memory assigned to process): 250M, peak: 251M
current process commit charge ("private bytes"): 287M, peak: 289M

vm_info: OpenJDK 64-Bit Server VM (21.0.3+-12282718-b509.11) for windows-amd64 JRE (21.0.3+-12282718-b509.11), built on 2024-08-27T17:34:15Z by "builder" with MS VC++ 16.10 / 16.11 (VS2019)

END.
